CRITICAL - 2023-10-01 10:44:13 --> Invalid file: "crudproduct.php"
in SYSTEMPATH\Exceptions\FrameworkException.php on line 39.
 1 SYSTEMPATH\View\View.php(214): CodeIgniter\Exceptions\FrameworkException::forInvalidFile('crudproduct.php')
 2 SYSTEMPATH\Common.php(1188): CodeIgniter\View\View->render('crudproduct', [], true)
 3 APPPATH\Controllers\Home.php(17): view('crudproduct')
 4 SYSTEMPATH\CodeIgniter.php(919): App\Controllers\Home->crudproduct()
 5 SYSTEMPATH\CodeIgniter.php(494): CodeIgniter\CodeIgniter->runController(Object(App\Controllers\Home))
 6 SYSTEMPATH\CodeIgniter.php(353): CodeIgniter\CodeIgniter->handleRequest(null, Object(Config\Cache), false)
 7 FCPATH\index.php(79): CodeIgniter\CodeIgniter->run()
 8 SYSTEMPATH\Commands\Server\rewrite.php(47): require_once('C:\\laragon\\www\\lab3\\public\\index.php')
CRITICAL - 2023-10-01 10:45:00 --> Invalid file: "crudproduct.php"
in SYSTEMPATH\Exceptions\FrameworkException.php on line 39.
 1 SYSTEMPATH\View\View.php(214): CodeIgniter\Exceptions\FrameworkException::forInvalidFile('crudproduct.php')
 2 SYSTEMPATH\Common.php(1188): CodeIgniter\View\View->render('crudproduct', [], true)
 3 APPPATH\Controllers\Home.php(17): view('crudproduct')
 4 SYSTEMPATH\CodeIgniter.php(919): App\Controllers\Home->crudproduct()
 5 SYSTEMPATH\CodeIgniter.php(494): CodeIgniter\CodeIgniter->runController(Object(App\Controllers\Home))
 6 SYSTEMPATH\CodeIgniter.php(353): CodeIgniter\CodeIgniter->handleRequest(null, Object(Config\Cache), false)
 7 FCPATH\index.php(79): CodeIgniter\CodeIgniter->run()
 8 SYSTEMPATH\Commands\Server\rewrite.php(47): require_once('C:\\laragon\\www\\lab3\\public\\index.php')
CRITICAL - 2023-10-01 10:47:00 --> Invalid file: "crudproduct.php"
in SYSTEMPATH\Exceptions\FrameworkException.php on line 39.
 1 SYSTEMPATH\View\View.php(214): CodeIgniter\Exceptions\FrameworkException::forInvalidFile('crudproduct.php')
 2 SYSTEMPATH\Common.php(1188): CodeIgniter\View\View->render('crudproduct', [], true)
 3 APPPATH\Controllers\Home.php(17): view('crudproduct')
 4 SYSTEMPATH\CodeIgniter.php(919): App\Controllers\Home->crudproduct()
 5 SYSTEMPATH\CodeIgniter.php(494): CodeIgniter\CodeIgniter->runController(Object(App\Controllers\Home))
 6 SYSTEMPATH\CodeIgniter.php(353): CodeIgniter\CodeIgniter->handleRequest(null, Object(Config\Cache), false)
 7 FCPATH\index.php(79): CodeIgniter\CodeIgniter->run()
 8 SYSTEMPATH\Commands\Server\rewrite.php(47): require_once('C:\\laragon\\www\\lab3\\public\\index.php')
